<?xml version="1.0" encoding="UTF-8"?>
<testng-results skipped="0" failed="0" ignored="0" total="1" passed="1">
  <reporter-output>
  </reporter-output>
  <suite name="Default suite" duration-ms="15081" started-at="2019-02-06T02:00:46Z" finished-at="2019-02-06T02:01:01Z">
    <groups>
    </groups>
    <test name="Default test" duration-ms="15081" started-at="2019-02-06T02:00:46Z" finished-at="2019-02-06T02:01:01Z">
      <class name="NewOpep.Fun.Alerttext">
        <test-method status="PASS" signature="ksrtc()[pri:0, instance:NewOpep.Fun.Alerttext@53b32d7]" name="ksrtc" duration-ms="15038" started-at="2019-02-06T02:00:46Z" finished-at="2019-02-06T02:01:01Z">
          <reporter-output>
          </reporter-output>
        </test-method> <!-- ksrtc -->
      </class> <!-- NewOpep.Fun.Alerttext -->
    </test> <!-- Default test -->
  </suite> <!-- Default suite -->
</testng-results>
